nohup: ignoring input
INFO:     Will watch for changes in these directories: ['/home/user/ml_project']
INFO:     Uvicorn running on http://127.0.0.1:8000 (Press CTRL+C to quit)
INFO:     Started reloader process [527] using StatReload
ERROR:    Error loading ASGI app. Attribute "app" not found in module "main"WAWARNING:  StatReload detected changes in 'app.py'. Reloading..WAERROR:    Error loading ASGI app. Attribute "app" not found in module "main".
WARNING:  StatReload detected changes in 'app.py'. Reloading...
ERROR:    Error loading ASGI app. Attribute "app" not found in module "main".
WARNING:  StatReload detected changes in 'app.py'. Reloading...
ERROR:    Error loading ASGI app. Attribute "app" not found in module "main".
WARNING:  StatReload detected changes in 'app.py'. Reloading...
ERROR:    Error loading ASGI app. Attribute "app" not found in module "main".
WARNING:  StatReload detected changes in 'app.py'. Reloading...
ERROR:    Error loading ASGI app. Attribute "app" not found in module "main".
WARNING:  StatReload detected changes in 'app.py'. Reloading...
ERROR:    Error loading ASGI app. Attribute "app" not found in module "main".
WARNING:  StatReload detected changes in 'app.py'. Reloading...
ERROR:    Error loading ASGI app. Attribute "app" not found in module "main".
WARNING:  StatReload detected changes in 'app.py'. Reloading...
ERROR:    Error loading ASGI app. Attribute "app" not found in module "main".
WARNING:  StatReload detected changes in 'app.py'. Reloading...
ERROR:    Error loading ASGI app. Attribute "app" not found in module "main".
RNING:  StatReload detected changes in 'app.py'. Reloading...
ERROR:    Error loading ASGI app. Attribute "app" not found in module "main".
